2024-04-17T09:44:08.877-03:00  INFO 16612 --- [restartedMain] b.c.m.v.VascodachurupitaApplication      : Starting VascodachurupitaApplication using Java 21.0.2 with PID 16612 (C:\Users\Marce\Documents\GitHub\Lojinha_Vasco_da_Churupita\target\classes started by Marce in C:\Users\Marce\Documents\GitHub\Lojinha_Vasco_da_Churupita)
2024-04-17T09:44:08.889-03:00  INFO 16612 --- [restartedMain] b.c.m.v.VascodachurupitaApplication      : No active profile set, falling back to 1 default profile: "default"
2024-04-17T09:44:08.942-03:00  INFO 16612 --- [restartedMain] .e.DevToolsPropertyDefaultsPostProcessor : Devtools property defaults active! Set 'spring.devtools.add-properties' to 'false' to disable
2024-04-17T09:44:08.942-03:00  INFO 16612 --- [restartedMain] .e.DevToolsPropertyDefaultsPostProcessor : For additional web related logging consider setting the 'logging.level.web' property to 'DEBUG'
2024-04-17T09:44:09.585-03:00  INFO 16612 --- [restartedMain] .s.d.r.c.RepositoryConfigurationDelegate : Multiple Spring Data modules found, entering strict repository configuration mode
2024-04-17T09:44:09.588-03:00  INFO 16612 --- [restartedMain] .s.d.r.c.RepositoryConfigurationDelegate : Bootstrapping Spring Data JDBC repositories in DEFAULT mode.
2024-04-17T09:44:09.608-03:00  INFO 16612 --- [restartedMain] .s.d.r.c.RepositoryConfigurationDelegate : Finished Spring Data repository scanning in 13 ms. Found 0 JDBC repository interfaces.
2024-04-17T09:44:09.609-03:00  INFO 16612 --- [restartedMain] .s.d.r.c.RepositoryConfigurationDelegate : Multiple Spring Data modules found, entering strict repository configuration mode
2024-04-17T09:44:09.609-03:00  INFO 16612 --- [restartedMain] .s.d.r.c.RepositoryConfigurationDelegate : Bootstrapping Spring Data JPA repositories in DEFAULT mode.
2024-04-17T09:44:09.634-03:00  INFO 16612 --- [restartedMain] .s.d.r.c.RepositoryConfigurationDelegate : Finished Spring Data repository scanning in 2 ms. Found 0 JPA repository interfaces.
2024-04-17T09:44:09.833-03:00  INFO 16612 --- [restartedMain] o.s.cloud.context.scope.GenericScope     : BeanFactory id=93bf8952-0084-365b-9b7b-cdf5533b907b
2024-04-17T09:44:10.338-03:00  INFO 16612 --- [restartedMain] o.s.b.w.embedded.tomcat.TomcatWebServer  : Tomcat initialized with port 8080 (http)
2024-04-17T09:44:10.358-03:00  INFO 16612 --- [restartedMain] o.apache.catalina.core.StandardService   : Starting service [Tomcat]
2024-04-17T09:44:10.359-03:00  INFO 16612 --- [restartedMain] o.apache.catalina.core.StandardEngine    : Starting Servlet engine: [Apache Tomcat/10.1.20]
2024-04-17T09:44:10.411-03:00  INFO 16612 --- [restartedMain] o.a.c.c.C.[Tomcat].[localhost].[/]       : Initializing Spring embedded WebApplicationContext
2024-04-17T09:44:10.421-03:00  INFO 16612 --- [restartedMain] w.s.c.ServletWebServerApplicationContext : Root WebApplicationContext: initialization completed in 1479 ms
2024-04-17T09:44:10.462-03:00  INFO 16612 --- [restartedMain] com.zaxxer.hikari.HikariDataSource       : HikariPool-1 - Starting...
2024-04-17T09:44:10.638-03:00  INFO 16612 --- [restartedMain] com.zaxxer.hikari.pool.HikariPool        : HikariPool-1 - Added connection conn0: url=jdbc:h2:mem:cadpessoas user=ADMIN
2024-04-17T09:44:10.638-03:00  INFO 16612 --- [restartedMain] com.zaxxer.hikari.HikariDataSource       : HikariPool-1 - Start completed.
2024-04-17T09:44:10.661-03:00  INFO 16612 --- [restartedMain] o.s.b.a.h2.H2ConsoleAutoConfiguration    : H2 console available at '/h2-console'. Database available at 'jdbc:h2:mem:cadpessoas'
2024-04-17T09:44:10.819-03:00  INFO 16612 --- [restartedMain] o.hibernate.jpa.internal.util.LogHelper  : HHH000204: Processing PersistenceUnitInfo [name: default]
2024-04-17T09:44:10.856-03:00  INFO 16612 --- [restartedMain] org.hibernate.Version                    : HHH000412: Hibernate ORM core version 6.4.4.Final
2024-04-17T09:44:10.900-03:00  INFO 16612 --- [restartedMain] o.h.c.internal.RegionFactoryInitiator    : HHH000026: Second-level cache disabled
2024-04-17T09:44:11.084-03:00  INFO 16612 --- [restartedMain] o.s.o.j.p.SpringPersistenceUnitInfo      : No LoadTimeWeaver setup: ignoring JPA class transformer
2024-04-17T09:44:11.128-03:00  WARN 16612 --- [restartedMain] org.hibernate.orm.deprecation            : HHH90000025: H2Dialect does not need to be specified explicitly using 'hibernate.dialect' (remove the property setting and it will be selected by default)
2024-04-17T09:44:11.365-03:00  INFO 16612 --- [restartedMain] o.h.e.t.j.p.i.JtaPlatformInitiator       : HHH000489: No JTA platform available (set 'hibernate.transaction.jta.platform' to enable JTA platform integration)
2024-04-17T09:44:11.381-03:00  INFO 16612 --- [restartedMain] j.LocalContainerEntityManagerFactoryBean : Initialized JPA EntityManagerFactory for persistence unit 'default'
2024-04-17T09:44:11.660-03:00  WARN 16612 --- [restartedMain] ion$DefaultTemplateResolverConfiguration : Cannot find template location: classpath:/templates/ (please add some templates, check your Thymeleaf configuration, or set spring.thymeleaf.check-template-location=false)
2024-04-17T09:44:11.867-03:00  INFO 16612 --- [restartedMain] o.s.b.d.a.OptionalLiveReloadServer       : LiveReload server is running on port 35729
2024-04-17T09:44:11.956-03:00  INFO 16612 --- [restartedMain] o.s.b.w.embedded.tomcat.TomcatWebServer  : Tomcat started on port 8080 (http) with context path ''
2024-04-17T09:44:11.988-03:00  INFO 16612 --- [restartedMain] b.c.m.v.VascodachurupitaApplication      : Started VascodachurupitaApplication in 3.652 seconds (process running for 4.154)
2024-04-17T09:48:42.492-03:00  INFO 16612 --- [http-nio-8080-exec-1] o.a.c.c.C.[Tomcat].[localhost].[/]       : Initializing Spring DispatcherServlet 'dispatcherServlet'
2024-04-17T09:48:42.493-03:00  INFO 16612 --- [http-nio-8080-exec-1] o.s.web.servlet.DispatcherServlet        : Initializing Servlet 'dispatcherServlet'
2024-04-17T09:48:42.497-03:00  INFO 16612 --- [http-nio-8080-exec-1] o.s.web.servlet.DispatcherServlet        : Completed initialization in 2 ms
2024-04-17T09:49:52.065-03:00  INFO 16612 --- [File Watcher] rtingClassPathChangeChangedEventListener : Restarting due to 1 class path change (0 additions, 1 deletion, 0 modifications)
2024-04-17T09:49:52.076-03:00  INFO 16612 --- [Thread-6] j.LocalContainerEntityManagerFactoryBean : Closing JPA EntityManagerFactory for persistence unit 'default'
2024-04-17T09:49:52.084-03:00  WARN 16612 --- [Thread-6] o.s.b.f.support.DisposableBeanAdapter    : Invocation of destroy method failed on bean with name 'inMemoryDatabaseShutdownExecutor': org.h2.jdbc.JdbcSQLNonTransientConnectionException: Database is already closed (to disable automatic closing at VM shutdown, add ";DB_CLOSE_ON_EXIT=FALSE" to the db URL) [90121-224]
2024-04-17T09:49:52.085-03:00  INFO 16612 --- [Thread-6] com.zaxxer.hikari.HikariDataSource       : HikariPool-1 - Shutdown initiated...
2024-04-17T09:49:52.087-03:00  INFO 16612 --- [Thread-6] com.zaxxer.hikari.HikariDataSource       : HikariPool-1 - Shutdown completed.
2024-04-17T09:49:52.192-03:00  INFO 16612 --- [restartedMain] b.c.m.v.VascodachurupitaApplication      : Starting VascodachurupitaApplication using Java 21.0.2 with PID 16612 (C:\Users\Marce\Documents\GitHub\Lojinha_Vasco_da_Churupita\target\classes started by Marce in C:\Users\Marce\Documents\GitHub\Lojinha_Vasco_da_Churupita)
2024-04-17T09:49:52.194-03:00  INFO 16612 --- [restartedMain] b.c.m.v.VascodachurupitaApplication      : No active profile set, falling back to 1 default profile: "default"
2024-04-17T09:49:52.446-03:00  INFO 16612 --- [restartedMain] .s.d.r.c.RepositoryConfigurationDelegate : Multiple Spring Data modules found, entering strict repository configuration mode
2024-04-17T09:49:52.447-03:00  INFO 16612 --- [restartedMain] .s.d.r.c.RepositoryConfigurationDelegate : Bootstrapping Spring Data JDBC repositories in DEFAULT mode.
2024-04-17T09:49:52.448-03:00  INFO 16612 --- [restartedMain] .s.d.r.c.RepositoryConfigurationDelegate : Finished Spring Data repository scanning in 1 ms. Found 0 JDBC repository interfaces.
2024-04-17T09:49:52.454-03:00  INFO 16612 --- [restartedMain] .s.d.r.c.RepositoryConfigurationDelegate : Multiple Spring Data modules found, entering strict repository configuration mode
2024-04-17T09:49:52.455-03:00  INFO 16612 --- [restartedMain] .s.d.r.c.RepositoryConfigurationDelegate : Bootstrapping Spring Data JPA repositories in DEFAULT mode.
2024-04-17T09:49:52.457-03:00  INFO 16612 --- [restartedMain] .s.d.r.c.RepositoryConfigurationDelegate : Finished Spring Data repository scanning in 1 ms. Found 0 JPA repository interfaces.
2024-04-17T09:49:52.533-03:00  INFO 16612 --- [restartedMain] o.s.cloud.context.scope.GenericScope     : BeanFactory id=93bf8952-0084-365b-9b7b-cdf5533b907b
2024-04-17T09:49:52.606-03:00  INFO 16612 --- [restartedMain] o.s.b.w.embedded.tomcat.TomcatWebServer  : Tomcat initialized with port 8080 (http)
2024-04-17T09:49:52.609-03:00  INFO 16612 --- [restartedMain] o.apache.catalina.core.StandardService   : Starting service [Tomcat]
2024-04-17T09:49:52.610-03:00  INFO 16612 --- [restartedMain] o.apache.catalina.core.StandardEngine    : Starting Servlet engine: [Apache Tomcat/10.1.20]
2024-04-17T09:49:52.643-03:00  INFO 16612 --- [restartedMain] o.a.c.c.C.[Tomcat].[localhost].[/]       : Initializing Spring embedded WebApplicationContext
2024-04-17T09:49:52.644-03:00  INFO 16612 --- [restartedMain] w.s.c.ServletWebServerApplicationContext : Root WebApplicationContext: initialization completed in 447 ms
2024-04-17T09:49:52.672-03:00  INFO 16612 --- [restartedMain] com.zaxxer.hikari.HikariDataSource       : HikariPool-2 - Starting...
2024-04-17T09:49:52.681-03:00  INFO 16612 --- [restartedMain] com.zaxxer.hikari.pool.HikariPool        : HikariPool-2 - Added connection conn10: url=jdbc:h2:mem:cadpessoas user=ADMIN
2024-04-17T09:49:52.682-03:00  INFO 16612 --- [restartedMain] com.zaxxer.hikari.HikariDataSource       : HikariPool-2 - Start completed.
2024-04-17T09:49:52.683-03:00  INFO 16612 --- [restartedMain] o.s.b.a.h2.H2ConsoleAutoConfiguration    : H2 console available at '/h2-console'. Database available at 'jdbc:h2:mem:cadpessoas'
2024-04-17T09:49:52.728-03:00  INFO 16612 --- [restartedMain] o.hibernate.jpa.internal.util.LogHelper  : HHH000204: Processing PersistenceUnitInfo [name: default]
2024-04-17T09:49:52.730-03:00  INFO 16612 --- [restartedMain] o.h.c.internal.RegionFactoryInitiator    : HHH000026: Second-level cache disabled
2024-04-17T09:49:52.736-03:00  INFO 16612 --- [restartedMain] o.s.o.j.p.SpringPersistenceUnitInfo      : No LoadTimeWeaver setup: ignoring JPA class transformer
2024-04-17T09:49:52.740-03:00  WARN 16612 --- [restartedMain] org.hibernate.orm.deprecation            : HHH90000025: H2Dialect does not need to be specified explicitly using 'hibernate.dialect' (remove the property setting and it will be selected by default)
2024-04-17T09:49:52.752-03:00  INFO 16612 --- [restartedMain] o.h.e.t.j.p.i.JtaPlatformInitiator       : HHH000489: No JTA platform available (set 'hibernate.transaction.jta.platform' to enable JTA platform integration)
2024-04-17T09:49:52.753-03:00  INFO 16612 --- [restartedMain] j.LocalContainerEntityManagerFactoryBean : Initialized JPA EntityManagerFactory for persistence unit 'default'
2024-04-17T09:49:52.902-03:00  WARN 16612 --- [restartedMain] ion$DefaultTemplateResolverConfiguration : Cannot find template location: classpath:/templates/ (please add some templates, check your Thymeleaf configuration, or set spring.thymeleaf.check-template-location=false)
2024-04-17T09:49:53.007-03:00  INFO 16612 --- [restartedMain] o.s.b.d.a.OptionalLiveReloadServer       : LiveReload server is running on port 35729
2024-04-17T09:49:53.047-03:00  INFO 16612 --- [restartedMain] o.s.b.w.embedded.tomcat.TomcatWebServer  : Tomcat started on port 8080 (http) with context path ''
2024-04-17T09:49:53.057-03:00  INFO 16612 --- [restartedMain] b.c.m.v.VascodachurupitaApplication      : Started VascodachurupitaApplication in 0.911 seconds (process running for 345.223)
2024-04-17T09:49:53.062-03:00  INFO 16612 --- [restartedMain] .ConditionEvaluationDeltaLoggingListener : Condition evaluation unchanged
2024-04-17T09:50:12.752-03:00  INFO 16612 --- [SpringApplicationShutdownHook] j.LocalContainerEntityManagerFactoryBean : Closing JPA EntityManagerFactory for persistence unit 'default'
2024-04-17T09:50:12.753-03:00  WARN 16612 --- [SpringApplicationShutdownHook] o.s.b.f.support.DisposableBeanAdapter    : Invocation of destroy method failed on bean with name 'inMemoryDatabaseShutdownExecutor': org.h2.jdbc.JdbcSQLNonTransientConnectionException: Database is already closed (to disable automatic closing at VM shutdown, add ";DB_CLOSE_ON_EXIT=FALSE" to the db URL) [90121-224]
2024-04-17T09:50:12.755-03:00  INFO 16612 --- [SpringApplicationShutdownHook] com.zaxxer.hikari.HikariDataSource       : HikariPool-2 - Shutdown initiated...
2024-04-17T09:50:12.757-03:00  INFO 16612 --- [SpringApplicationShutdownHook] com.zaxxer.hikari.HikariDataSource       : HikariPool-2 - Shutdown completed.
2024-04-17T10:14:42.166-03:00  INFO 24780 --- [restartedMain] b.c.m.v.VascodachurupitaApplication      : Starting VascodachurupitaApplication using Java 21.0.2 with PID 24780 (C:\Users\Marce\Documents\GitHub\Lojinha_Vasco_da_Churupita\target\classes started by Marce in C:\Users\Marce\Documents\GitHub\Lojinha_Vasco_da_Churupita)
2024-04-17T10:14:42.184-03:00  INFO 24780 --- [restartedMain] b.c.m.v.VascodachurupitaApplication      : No active profile set, falling back to 1 default profile: "default"
2024-04-17T10:14:42.239-03:00  INFO 24780 --- [restartedMain] .e.DevToolsPropertyDefaultsPostProcessor : Devtools property defaults active! Set 'spring.devtools.add-properties' to 'false' to disable
2024-04-17T10:14:42.245-03:00  INFO 24780 --- [restartedMain] .e.DevToolsPropertyDefaultsPostProcessor : For additional web related logging consider setting the 'logging.level.web' property to 'DEBUG'
2024-04-17T10:14:42.873-03:00  INFO 24780 --- [restartedMain] .s.d.r.c.RepositoryConfigurationDelegate : Multiple Spring Data modules found, entering strict repository configuration mode
2024-04-17T10:14:42.873-03:00  INFO 24780 --- [restartedMain] .s.d.r.c.RepositoryConfigurationDelegate : Bootstrapping Spring Data JDBC repositories in DEFAULT mode.
2024-04-17T10:14:42.898-03:00  INFO 24780 --- [restartedMain] .s.d.r.c.RepositoryConfigurationDelegate : Finished Spring Data repository scanning in 12 ms. Found 0 JDBC repository interfaces.
2024-04-17T10:14:42.903-03:00  INFO 24780 --- [restartedMain] .s.d.r.c.RepositoryConfigurationDelegate : Multiple Spring Data modules found, entering strict repository configuration mode
2024-04-17T10:14:42.912-03:00  INFO 24780 --- [restartedMain] .s.d.r.c.RepositoryConfigurationDelegate : Bootstrapping Spring Data JPA repositories in DEFAULT mode.
2024-04-17T10:14:42.916-03:00  INFO 24780 --- [restartedMain] .s.d.r.c.RepositoryConfigurationDelegate : Finished Spring Data repository scanning in 1 ms. Found 0 JPA repository interfaces.
2024-04-17T10:14:43.080-03:00  INFO 24780 --- [restartedMain] o.s.cloud.context.scope.GenericScope     : BeanFactory id=93bf8952-0084-365b-9b7b-cdf5533b907b
2024-04-17T10:14:43.561-03:00  INFO 24780 --- [restartedMain] o.s.b.w.embedded.tomcat.TomcatWebServer  : Tomcat initialized with port 8080 (http)
2024-04-17T10:14:43.582-03:00  INFO 24780 --- [restartedMain] o.apache.catalina.core.StandardService   : Starting service [Tomcat]
2024-04-17T10:14:43.582-03:00  INFO 24780 --- [restartedMain] o.apache.catalina.core.StandardEngine    : Starting Servlet engine: [Apache Tomcat/10.1.20]
2024-04-17T10:14:43.631-03:00  INFO 24780 --- [restartedMain] o.a.c.c.C.[Tomcat].[localhost].[/]       : Initializing Spring embedded WebApplicationContext
2024-04-17T10:14:43.631-03:00  INFO 24780 --- [restartedMain] w.s.c.ServletWebServerApplicationContext : Root WebApplicationContext: initialization completed in 1386 ms
2024-04-17T10:14:43.670-03:00  INFO 24780 --- [restartedMain] com.zaxxer.hikari.HikariDataSource       : HikariPool-1 - Starting...
2024-04-17T10:14:43.878-03:00  INFO 24780 --- [restartedMain] com.zaxxer.hikari.pool.HikariPool        : HikariPool-1 - Added connection conn0: url=jdbc:h2:mem:cadpessoas user=ADMIN
2024-04-17T10:14:43.878-03:00  INFO 24780 --- [restartedMain] com.zaxxer.hikari.HikariDataSource       : HikariPool-1 - Start completed.
2024-04-17T10:14:43.894-03:00  INFO 24780 --- [restartedMain] o.s.b.a.h2.H2ConsoleAutoConfiguration    : H2 console available at '/h2-console'. Database available at 'jdbc:h2:mem:cadpessoas'
2024-04-17T10:14:43.998-03:00  INFO 24780 --- [restartedMain] o.hibernate.jpa.internal.util.LogHelper  : HHH000204: Processing PersistenceUnitInfo [name: default]
2024-04-17T10:14:44.052-03:00  INFO 24780 --- [restartedMain] org.hibernate.Version                    : HHH000412: Hibernate ORM core version 6.4.4.Final
2024-04-17T10:14:44.091-03:00  INFO 24780 --- [restartedMain] o.h.c.internal.RegionFactoryInitiator    : HHH000026: Second-level cache disabled
2024-04-17T10:14:44.318-03:00  INFO 24780 --- [restartedMain] o.s.o.j.p.SpringPersistenceUnitInfo      : No LoadTimeWeaver setup: ignoring JPA class transformer
2024-04-17T10:14:44.364-03:00  WARN 24780 --- [restartedMain] org.hibernate.orm.deprecation            : HHH90000025: H2Dialect does not need to be specified explicitly using 'hibernate.dialect' (remove the property setting and it will be selected by default)
2024-04-17T10:14:44.641-03:00  INFO 24780 --- [restartedMain] o.h.e.t.j.p.i.JtaPlatformInitiator       : HHH000489: No JTA platform available (set 'hibernate.transaction.jta.platform' to enable JTA platform integration)
2024-04-17T10:14:44.641-03:00  INFO 24780 --- [restartedMain] j.LocalContainerEntityManagerFactoryBean : Initialized JPA EntityManagerFactory for persistence unit 'default'
2024-04-17T10:14:45.094-03:00  INFO 24780 --- [restartedMain] o.s.b.d.a.OptionalLiveReloadServer       : LiveReload server is running on port 35729
2024-04-17T10:14:45.164-03:00  INFO 24780 --- [restartedMain] o.s.b.w.embedded.tomcat.TomcatWebServer  : Tomcat started on port 8080 (http) with context path ''
2024-04-17T10:14:45.181-03:00  INFO 24780 --- [restartedMain] b.c.m.v.VascodachurupitaApplication      : Started VascodachurupitaApplication in 3.525 seconds (process running for 3.973)
2024-04-17T10:16:43.255-03:00  INFO 24780 --- [SpringApplicationShutdownHook] j.LocalContainerEntityManagerFactoryBean : Closing JPA EntityManagerFactory for persistence unit 'default'
2024-04-17T10:16:43.274-03:00  WARN 24780 --- [SpringApplicationShutdownHook] o.s.b.f.support.DisposableBeanAdapter    : Invocation of destroy method failed on bean with name 'inMemoryDatabaseShutdownExecutor': org.h2.jdbc.JdbcSQLNonTransientConnectionException: Database is already closed (to disable automatic closing at VM shutdown, add ";DB_CLOSE_ON_EXIT=FALSE" to the db URL) [90121-224]
2024-04-17T10:16:43.274-03:00  INFO 24780 --- [SpringApplicationShutdownHook] com.zaxxer.hikari.HikariDataSource       : HikariPool-1 - Shutdown initiated...
2024-04-17T10:16:43.284-03:00  INFO 24780 --- [SpringApplicationShutdownHook] com.zaxxer.hikari.HikariDataSource       : HikariPool-1 - Shutdown completed.
2024-04-17T10:17:20.578-03:00  INFO 17564 --- [restartedMain] b.c.m.v.VascodachurupitaApplication      : Starting VascodachurupitaApplication using Java 17.0.10 with PID 17564 (C:\Users\Marce\Documents\GitHub\Lojinha_Vasco_da_Churupita\target\classes started by Marce in c:\Users\Marce\Documents\GitHub\Lojinha_Vasco_da_Churupita)
2024-04-17T10:17:20.580-03:00  INFO 17564 --- [restartedMain] b.c.m.v.VascodachurupitaApplication      : No active profile set, falling back to 1 default profile: "default"
2024-04-17T10:17:20.650-03:00  INFO 17564 --- [restartedMain] .e.DevToolsPropertyDefaultsPostProcessor : Devtools property defaults active! Set 'spring.devtools.add-properties' to 'false' to disable
2024-04-17T10:17:20.658-03:00  INFO 17564 --- [restartedMain] .e.DevToolsPropertyDefaultsPostProcessor : For additional web related logging consider setting the 'logging.level.web' property to 'DEBUG'
2024-04-17T10:17:21.556-03:00  INFO 17564 --- [restartedMain] .s.d.r.c.RepositoryConfigurationDelegate : Multiple Spring Data modules found, entering strict repository configuration mode
2024-04-17T10:17:21.559-03:00  INFO 17564 --- [restartedMain] .s.d.r.c.RepositoryConfigurationDelegate : Bootstrapping Spring Data JDBC repositories in DEFAULT mode.
2024-04-17T10:17:21.614-03:00  INFO 17564 --- [restartedMain] .s.d.r.c.RepositoryConfigurationDelegate : Finished Spring Data repository scanning in 46 ms. Found 0 JDBC repository interfaces.
2024-04-17T10:17:21.634-03:00  INFO 17564 --- [restartedMain] .s.d.r.c.RepositoryConfigurationDelegate : Multiple Spring Data modules found, entering strict repository configuration mode
2024-04-17T10:17:21.635-03:00  INFO 17564 --- [restartedMain] .s.d.r.c.RepositoryConfigurationDelegate : Bootstrapping Spring Data JPA repositories in DEFAULT mode.
2024-04-17T10:17:21.635-03:00  INFO 17564 --- [restartedMain] .s.d.r.c.RepositoryConfigurationDelegate : Finished Spring Data repository scanning in 1 ms. Found 0 JPA repository interfaces.
2024-04-17T10:17:21.915-03:00  INFO 17564 --- [restartedMain] o.s.cloud.context.scope.GenericScope     : BeanFactory id=93bf8952-0084-365b-9b7b-cdf5533b907b
2024-04-17T10:17:22.579-03:00  INFO 17564 --- [restartedMain] o.s.b.w.embedded.tomcat.TomcatWebServer  : Tomcat initialized with port 8080 (http)
2024-04-17T10:17:22.619-03:00  INFO 17564 --- [restartedMain] o.apache.catalina.core.StandardService   : Starting service [Tomcat]
2024-04-17T10:17:22.620-03:00  INFO 17564 --- [restartedMain] o.apache.catalina.core.StandardEngine    : Starting Servlet engine: [Apache Tomcat/10.1.20]
2024-04-17T10:17:22.713-03:00  INFO 17564 --- [restartedMain] o.a.c.c.C.[Tomcat].[localhost].[/]       : Initializing Spring embedded WebApplicationContext
2024-04-17T10:17:22.713-03:00  INFO 17564 --- [restartedMain] w.s.c.ServletWebServerApplicationContext : Root WebApplicationContext: initialization completed in 2055 ms
2024-04-17T10:17:22.779-03:00  INFO 17564 --- [restartedMain] com.zaxxer.hikari.HikariDataSource       : HikariPool-1 - Starting...
2024-04-17T10:17:23.012-03:00  INFO 17564 --- [restartedMain] com.zaxxer.hikari.pool.HikariPool        : HikariPool-1 - Added connection conn0: url=jdbc:h2:mem:cadpessoas user=ADMIN
2024-04-17T10:17:23.029-03:00  INFO 17564 --- [restartedMain] com.zaxxer.hikari.HikariDataSource       : HikariPool-1 - Start completed.
2024-04-17T10:17:23.029-03:00  INFO 17564 --- [restartedMain] o.s.b.a.h2.H2ConsoleAutoConfiguration    : H2 console available at '/h2-console'. Database available at 'jdbc:h2:mem:cadpessoas'
2024-04-17T10:17:23.212-03:00  INFO 17564 --- [restartedMain] o.hibernate.jpa.internal.util.LogHelper  : HHH000204: Processing PersistenceUnitInfo [name: default]
2024-04-17T10:17:23.297-03:00  INFO 17564 --- [restartedMain] org.hibernate.Version                    : HHH000412: Hibernate ORM core version 6.4.4.Final
2024-04-17T10:17:23.347-03:00  INFO 17564 --- [restartedMain] o.h.c.internal.RegionFactoryInitiator    : HHH000026: Second-level cache disabled
2024-04-17T10:17:23.648-03:00  INFO 17564 --- [restartedMain] o.s.o.j.p.SpringPersistenceUnitInfo      : No LoadTimeWeaver setup: ignoring JPA class transformer
2024-04-17T10:17:23.721-03:00  WARN 17564 --- [restartedMain] org.hibernate.orm.deprecation            : HHH90000025: H2Dialect does not need to be specified explicitly using 'hibernate.dialect' (remove the property setting and it will be selected by default)
2024-04-17T10:17:24.060-03:00  INFO 17564 --- [restartedMain] o.h.e.t.j.p.i.JtaPlatformInitiator       : HHH000489: No JTA platform available (set 'hibernate.transaction.jta.platform' to enable JTA platform integration)
2024-04-17T10:17:24.070-03:00  INFO 17564 --- [restartedMain] j.LocalContainerEntityManagerFactoryBean : Initialized JPA EntityManagerFactory for persistence unit 'default'
2024-04-17T10:17:24.780-03:00  INFO 17564 --- [restartedMain] o.s.b.d.a.OptionalLiveReloadServer       : LiveReload server is running on port 35729
2024-04-17T10:17:24.947-03:00  INFO 17564 --- [restartedMain] o.s.b.w.embedded.tomcat.TomcatWebServer  : Tomcat started on port 8080 (http) with context path ''
2024-04-17T10:17:25.031-03:00  INFO 17564 --- [restartedMain] b.c.m.v.VascodachurupitaApplication      : Started VascodachurupitaApplication in 5.035 seconds (process running for 5.482)
2024-04-17T10:46:01.784-03:00  WARN 17564 --- [HikariPool-1 housekeeper] com.zaxxer.hikari.pool.HikariPool        : HikariPool-1 - Thread starvation or clock leap detected (housekeeper delta=3m8s251ms955탎300ns).
2024-04-17T13:40:35.098-03:00  WARN 17564 --- [HikariPool-1 housekeeper] com.zaxxer.hikari.pool.HikariPool        : HikariPool-1 - Thread starvation or clock leap detected (housekeeper delta=2h27m2s854ms807탎800ns).
2024-04-17T14:03:11.073-03:00  WARN 17564 --- [HikariPool-1 housekeeper] com.zaxxer.hikari.pool.HikariPool        : HikariPool-1 - Thread starvation or clock leap detected (housekeeper delta=12m35s829ms219탎299ns).
2024-04-17T15:46:54.739-03:00  WARN 17564 --- [HikariPool-1 housekeeper] com.zaxxer.hikari.pool.HikariPool        : HikariPool-1 - Thread starvation or clock leap detected (housekeeper delta=35m12s616ms328탎).
2024-04-17T16:29:04.987-03:00  WARN 17564 --- [HikariPool-1 housekeeper] com.zaxxer.hikari.pool.HikariPool        : HikariPool-1 - Thread starvation or clock leap detected (housekeeper delta=1m9s560ms920탎100ns).
2024-04-17T17:37:50.806-03:00  WARN 17564 --- [HikariPool-1 housekeeper] com.zaxxer.hikari.pool.HikariPool        : HikariPool-1 - Thread starvation or clock leap detected (housekeeper delta=23m45s151ms715탎399ns).
2024-04-17T18:27:35.545-03:00  WARN 17564 --- [HikariPool-1 housekeeper] com.zaxxer.hikari.pool.HikariPool        : HikariPool-1 - Thread starvation or clock leap detected (housekeeper delta=33m14s473ms495탎299ns).
